app/build/intermediates/manifest_merge_blame_file/release/manifest-merger-blame-release-report.txt
1<?xml version="1.0" encoding="utf-8"?>
2<manifest xmlns:android="http://schemas.android.com/apk/res/android"
3    package="com.example.firecatalog"
4    android:versionCode="1"
5    android:versionName="1.0" >
6
7    <uses-sdk
8        android:minSdkVersion="21"
9        android:targetSdkVersion="34" />
10
11    <uses-permission android:name="android.permission.INTERNET" />
11-->src/main/AndroidManifest.xml:4:5-67
11-->src/main/AndroidManifest.xml:4:22-64
12
13    <!-- Fire TV / Android TV requires the leanback feature and does NOT require a touchscreen -->
14    <uses-feature
14-->src/main/AndroidManifest.xml:7:5-9:35
15        android:name="android.software.leanback"
15-->src/main/AndroidManifest.xml:8:9-49
16        android:required="true" />
16-->src/main/AndroidManifest.xml:9:9-32
17    <uses-feature
17-->src/main/AndroidManifest.xml:10:5-12:36
18        android:name="android.hardware.touchscreen"
18-->src/main/AndroidManifest.xml:11:9-52
19        android:required="false" />
19-->src/main/AndroidManifest.xml:12:9-33
20
21    <permission
21-->[androidx.core:core:1.12.0] AndroidManifest.xml:22:5-24:47
22        android:name="com.example.firecatalog.DYNAMIC_RECEIVER_NOT_EXPORTED_PERMISSION"
22-->[androidx.core:core:1.12.0] AndroidManifest.xml:23:9-81
23        android:protectionLevel="signature" />
23-->[androidx.core:core:1.12.0] AndroidManifest.xml:24:9-44
24
25    <uses-permission android:name="com.example.firecatalog.DYNAMIC_RECEIVER_NOT_EXPORTED_PERMISSION" />
25-->[androidx.core:core:1.12.0] AndroidManifest.xml:26:5-97
25-->[androidx.core:core:1.12.0] AndroidManifest.xml:26:22-94
26
27    <application
27-->src/main/AndroidManifest.xml:14:5-39:19
28        android:allowBackup="true"
28-->src/main/AndroidManifest.xml:15:9-35
29        android:appComponentFactory="androidx.core.app.CoreComponentFactory"
29-->[androidx.core:core:1.12.0] AndroidManifest.xml:28:18-86
30        android:banner="@drawable/app_banner"
30-->src/main/AndroidManifest.xml:16:9-46
31        android:extractNativeLibs="true"
32        android:icon="@drawable/app_icon"
32-->src/main/AndroidManifest.xml:17:9-42
33        android:label="@string/app_name"
33-->src/main/AndroidManifest.xml:18:9-41
34        android:theme="@style/AppTheme" >
34-->src/main/AndroidManifest.xml:19:9-40
35        <activity
35-->src/main/AndroidManifest.xml:21:9-31:20
36            android:name="com.example.firecatalog.MainActivity"
36-->src/main/AndroidManifest.xml:22:13-41
37            android:exported="true"
37-->src/main/AndroidManifest.xml:23:13-36
38            android:screenOrientation="landscape"
38-->src/main/AndroidManifest.xml:24:13-50
39            android:theme="@style/AppTheme.Browse" >
39-->src/main/AndroidManifest.xml:25:13-51
40            <intent-filter>
40-->src/main/AndroidManifest.xml:26:13-30:29
41                <action android:name="android.intent.action.MAIN" />
41-->src/main/AndroidManifest.xml:27:17-69
41-->src/main/AndroidManifest.xml:27:25-66
42                <!-- LEANBACK_LAUNCHER makes the app show up on the Fire TV home grid -->
43                <category android:name="android.intent.category.LEANBACK_LAUNCHER" />
43-->src/main/AndroidManifest.xml:29:17-86
43-->src/main/AndroidManifest.xml:29:27-83
44            </intent-filter>
45        </activity>
46        <activity
46-->src/main/AndroidManifest.xml:33:9-37:55
47            android:name="com.example.firecatalog.DetailsActivity"
47-->src/main/AndroidManifest.xml:34:13-44
48            android:exported="false"
48-->src/main/AndroidManifest.xml:35:13-37
49            android:screenOrientation="landscape"
49-->src/main/AndroidManifest.xml:36:13-50
50            android:theme="@style/AppTheme.Details" />
50-->src/main/AndroidManifest.xml:37:13-52
51
52        <provider
52-->[androidx.emoji2:emoji2:1.2.0] AndroidManifest.xml:24:9-32:20
53            android:name="androidx.startup.InitializationProvider"
53-->[androidx.emoji2:emoji2:1.2.0] AndroidManifest.xml:25:13-67
54            android:authorities="com.example.firecatalog.androidx-startup"
54-->[androidx.emoji2:emoji2:1.2.0] AndroidManifest.xml:26:13-68
55            android:exported="false" >
55-->[androidx.emoji2:emoji2:1.2.0] AndroidManifest.xml:27:13-37
56            <meta-data
56-->[androidx.emoji2:emoji2:1.2.0] AndroidManifest.xml:29:13-31:52
57                android:name="androidx.emoji2.text.EmojiCompatInitializer"
57-->[androidx.emoji2:emoji2:1.2.0] AndroidManifest.xml:30:17-75
58                android:value="androidx.startup" />
58-->[androidx.emoji2:emoji2:1.2.0] AndroidManifest.xml:31:17-49
59            <meta-data
59-->[androidx.lifecycle:lifecycle-process:2.4.1] AndroidManifest.xml:31:13-33:52
60                android:name="androidx.lifecycle.ProcessLifecycleInitializer"
60-->[androidx.lifecycle:lifecycle-process:2.4.1] AndroidManifest.xml:32:17-78
61                android:value="androidx.startup" />
61-->[androidx.lifecycle:lifecycle-process:2.4.1] AndroidManifest.xml:33:17-49
62        </provider>
63    </application>
64
65</manifest>